\BOOKMARK [1][-]{figure.caption.1}{Certificate of Approval}{}% 1
\BOOKMARK [1][-]{chapter*.2}{Copyright}{}% 2
\BOOKMARK [1][-]{chapter*.3}{Acknowledgement}{}% 3
\BOOKMARK [1][-]{chapter*.4}{Abstract}{}% 4
\BOOKMARK [1][-]{chapter*.5}{Contents}{}% 5
\BOOKMARK [1][-]{chapter*.6}{List of Figures}{}% 6
\BOOKMARK [1][-]{chapter*.7}{List of Symbols and Abbreviation}{}% 7
\BOOKMARK [0][-]{chapter.1}{Introduction}{}% 8
\BOOKMARK [1][-]{section.1.1}{Background Introduction}{chapter.1}% 9
\BOOKMARK [1][-]{section.1.2}{Motivation}{chapter.1}% 10
\BOOKMARK [1][-]{section.1.3}{Problem Definition}{chapter.1}% 11
\BOOKMARK [1][-]{section.1.4}{Goals and Objectives}{chapter.1}% 12
\BOOKMARK [1][-]{section.1.5}{Scope and Applications}{chapter.1}% 13
\BOOKMARK [1][-]{section.1.6}{Report Organization}{chapter.1}% 14
\BOOKMARK [2][-]{subsection.1.6.1}{Introduction}{section.1.6}% 15
\BOOKMARK [2][-]{subsection.1.6.2}{Literature Review}{section.1.6}% 16
\BOOKMARK [2][-]{subsection.1.6.3}{Feasibility Study}{section.1.6}% 17
\BOOKMARK [2][-]{subsection.1.6.4}{Methodology}{section.1.6}% 18
\BOOKMARK [2][-]{subsection.1.6.5}{Requirement Analysis}{section.1.6}% 19
\BOOKMARK [2][-]{subsection.1.6.6}{System Design and Architecture}{section.1.6}% 20
\BOOKMARK [2][-]{subsection.1.6.7}{Block Diagram and Description of Proposed System}{section.1.6}% 21
\BOOKMARK [2][-]{subsection.1.6.8}{Expected Outcome}{section.1.6}% 22
\BOOKMARK [2][-]{subsection.1.6.9}{Actual Outcome}{section.1.6}% 23
\BOOKMARK [2][-]{subsection.1.6.10}{Conclusion and Future enhancements}{section.1.6}% 24
\BOOKMARK [0][-]{chapter.2}{Literature Review}{}% 25
\BOOKMARK [1][-]{section.2.1}{You Only Look Once: Unified, Real-Time Object Detection }{chapter.2}% 26
\BOOKMARK [1][-]{section.2.2}{YOLO9000:Better, Faster, Stronger }{chapter.2}% 27
\BOOKMARK [1][-]{section.2.3}{YOLOV3: An Incremental Model}{chapter.2}% 28
\BOOKMARK [1][-]{section.2.4}{YOLOv4: Optimal Speed and Accuracy of Object Detection}{chapter.2}% 29
\BOOKMARK [1][-]{section.2.5}{Deep-Sort/nwokje}{chapter.2}% 30
\BOOKMARK [1][-]{section.2.6}{Deep SORT and YOLO v4 for people tracking and detection with Tensorflow backend/ LeonLok}{chapter.2}% 31
\BOOKMARK [1][-]{section.2.7}{Maximum correntropy Kalman filter}{chapter.2}% 32
\BOOKMARK [0][-]{chapter.3}{Feasibility Study}{}% 33
\BOOKMARK [1][-]{section.3.1}{Technical Feasibility}{chapter.3}% 34
\BOOKMARK [1][-]{section.3.2}{Operational Feasibility}{chapter.3}% 35
\BOOKMARK [2][-]{subsection.3.2.1}{Object Detection and Tracking}{section.3.2}% 36
\BOOKMARK [2][-]{subsection.3.2.2}{Text To Speech Module}{section.3.2}% 37
\BOOKMARK [1][-]{section.3.3}{Economic Feasibility}{chapter.3}% 38
\BOOKMARK [1][-]{section.3.4}{Scheduling Feasibility}{chapter.3}% 39
\BOOKMARK [0][-]{chapter.4}{Methodology}{}% 40
\BOOKMARK [1][-]{section.4.1}{Agile Method as Software Development Model}{chapter.4}% 41
\BOOKMARK [1][-]{section.4.2}{Asana as Kanban Board}{chapter.4}% 42
\BOOKMARK [2][-]{subsection.4.2.1}{Project Plan}{section.4.2}% 43
\BOOKMARK [2][-]{subsection.4.2.2}{Sprint}{section.4.2}% 44
\BOOKMARK [2][-]{subsection.4.2.3}{WIKKI}{section.4.2}% 45
\BOOKMARK [2][-]{subsection.4.2.4}{Iteration1}{section.4.2}% 46
\BOOKMARK [2][-]{subsection.4.2.5}{Iteration2}{section.4.2}% 47
\BOOKMARK [1][-]{section.4.3}{Overall Phase Followed}{chapter.4}% 48
\BOOKMARK [2][-]{subsection.4.3.1}{Planning Phase}{section.4.3}% 49
\BOOKMARK [2][-]{subsection.4.3.2}{Development Phase}{section.4.3}% 50
\BOOKMARK [2][-]{subsection.4.3.3}{Integration}{section.4.3}% 51
\BOOKMARK [1][-]{section.4.4}{Task Workflow}{chapter.4}% 52
\BOOKMARK [0][-]{chapter.5}{Requirement Analysis}{}% 53
\BOOKMARK [1][-]{section.5.1}{Software Requirement}{chapter.5}% 54
\BOOKMARK [1][-]{section.5.2}{Hardware Requirement}{chapter.5}% 55
\BOOKMARK [1][-]{section.5.3}{Functional Requirement}{chapter.5}% 56
\BOOKMARK [1][-]{section.5.4}{Non-Functional Requirement}{chapter.5}% 57
\BOOKMARK [2][-]{subsection.5.4.1}{Reliability }{section.5.4}% 58
\BOOKMARK [2][-]{subsection.5.4.2}{Maintainability}{section.5.4}% 59
\BOOKMARK [2][-]{subsection.5.4.3}{Performance}{section.5.4}% 60
\BOOKMARK [2][-]{subsection.5.4.4}{Frame Per Sec}{section.5.4}% 61
\BOOKMARK [0][-]{chapter.6}{System \(or Project\) Design and Architecture}{}% 62
\BOOKMARK [1][-]{section.6.1}{Use Case Diagram}{chapter.6}% 63
\BOOKMARK [1][-]{section.6.2}{Context Diagram}{chapter.6}% 64
\BOOKMARK [1][-]{section.6.3}{Data Flow Diagram}{chapter.6}% 65
\BOOKMARK [1][-]{section.6.4}{Sequence Diagram}{chapter.6}% 66
\BOOKMARK [1][-]{section.6.5}{Schedule \(Gantt Chart\)}{chapter.6}% 67
\BOOKMARK [0][-]{chapter.7}{Block Diagram and Description of Prepared System}{}% 68
\BOOKMARK [1][-]{section.7.1}{System Block Diagram}{chapter.7}% 69
\BOOKMARK [1][-]{section.7.2}{YOLO - You Only Look Once}{chapter.7}% 70
\BOOKMARK [2][-]{subsection.7.2.1}{What is YOLO?}{section.7.2}% 71
\BOOKMARK [2][-]{subsection.7.2.2}{Feature of YOLO}{section.7.2}% 72
\BOOKMARK [2][-]{subsection.7.2.3}{Interpreting the Result}{section.7.2}% 73
\BOOKMARK [2][-]{subsection.7.2.4}{How we do?}{section.7.2}% 74
\BOOKMARK [2][-]{subsection.7.2.5}{Benefits of YOLO}{section.7.2}% 75
\BOOKMARK [2][-]{subsection.7.2.6}{YOLO Outputs}{section.7.2}% 76
\BOOKMARK [2][-]{subsection.7.2.7}{YOLO v1 \205 CNN Design}{section.7.2}% 77
\BOOKMARK [2][-]{subsection.7.2.8}{Loss Design}{section.7.2}% 78
\BOOKMARK [1][-]{section.7.3}{Intersection Over Union}{chapter.7}% 79
\BOOKMARK [1][-]{section.7.4}{Non-Maximum Suppression}{chapter.7}% 80
\BOOKMARK [1][-]{section.7.5}{Kalman Filter in Deepsort}{chapter.7}% 81
\BOOKMARK [1][-]{section.7.6}{Threads Implementation in Desktop}{chapter.7}% 82
\BOOKMARK [1][-]{section.7.7}{Region Detector}{chapter.7}% 83
\BOOKMARK [1][-]{section.7.8}{Command Index Generation\(CIG\) for TTS}{chapter.7}% 84
\BOOKMARK [1][-]{section.7.9}{Text to Speech \(pyttsx3\)}{chapter.7}% 85
\BOOKMARK [1][-]{section.7.10}{Detection Evaluation}{chapter.7}% 86
\BOOKMARK [1][-]{section.7.11}{MOT Evaluation}{chapter.7}% 87
\BOOKMARK [2][-]{subsection.7.11.1}{Metrics}{section.7.11}% 88
\BOOKMARK [0][-]{chapter.8}{Expected Outcome}{}% 89
\BOOKMARK [1][-]{section.8.1}{Desktop Outcome Expected}{chapter.8}% 90
\BOOKMARK [1][-]{section.8.2}{Mobile Outcome Expected}{chapter.8}% 91
\BOOKMARK [0][-]{chapter.9}{Actual Outcome}{}% 92
\BOOKMARK [1][-]{section.9.1}{Desktop Outcome}{chapter.9}% 93
\BOOKMARK [1][-]{section.9.2}{Detection Evaluation Result}{chapter.9}% 94
\BOOKMARK [1][-]{section.9.3}{MOT Evaluation Result}{chapter.9}% 95
\BOOKMARK [1][-]{section.9.4}{Mobile Outcome}{chapter.9}% 96
\BOOKMARK [0][-]{chapter.10}{Conclusion and Future Enhancements}{}% 97
\BOOKMARK [1][-]{section*.44}{Appendix}{chapter.10}% 98
\BOOKMARK [1][-]{section.10.1}{Images}{chapter.10}% 99
\BOOKMARK [1][-]{section.10.2}{Assistance for Running the Project}{chapter.10}% 100
\BOOKMARK [1][-]{chapter*.62}{Bibliography}{chapter.10}% 101
